
# There is insufficient memory for the Java Runtime Environment to continue.
# Native memory allocation (mmap) failed to map 123731968 bytes for Failed to commit area from 0x000000008a000000 to 0x0000000091600000 of length 123731968.
# Possible reasons:
#   The system is out of physical RAM or swap space
#   The process is running with CompressedOops enabled, and the Java Heap may be blocking the growth of the native heap
# Possible solutions:
#   Reduce memory load on the system
#   Increase physical memory or swap space
#   Check if swap backing store is full
#   Decrease Java heap size (-Xmx/-Xms)
#   Decrease number of Java threads
#   Decrease Java thread stack sizes (-Xss)
#   Set larger code cache with -XX:ReservedCodeCacheSize=
# This output file may be truncated or incomplete.
#
#  Out of Memory Error (./src/hotspot/os/windows/os_windows.cpp:3386), pid=22384, tid=18340
#
# JRE version:  (11.0.16.1+1) (build )
# Java VM: OpenJDK 64-Bit Server VM (11.0.16.1+1-LTS, mixed mode, sharing, tiered, compressed oops, g1 gc, windows-amd64)
# No core dump will be written. Minidumps are not enabled by default on client versions of Windows
#

---------------  S U M M A R Y ------------

Command Line: 

Host: AMD Ryzen 7 4800H with Radeon Graphics         , 16 cores, 7G,  Windows 10 , 64 bit Build 19041 (10.0.19041.3636)
Time: Sun Nov 19 16:05:29 2023 GTB Standard Time elapsed time: 0.016834 seconds (0d 0h 0m 0s)

---------------  T H R E A D  ---------------

Current thread (0x00000144f0b34000):  JavaThread "Unknown thread" [_thread_in_vm, id=18340, stack(0x0000003116e00000,0x0000003116f00000)]

Stack: [0x0000003116e00000,0x0000003116f00000]
Native frames: (J=compiled Java code, j=interpreted, Vv=VM code, C=native code)
V  [jvm.dll+0x62652a]
V  [jvm.dll+0x7b3249]
V  [jvm.dll+0x7b4938]
V  [jvm.dll+0x7b5013]
V  [jvm.dll+0x24fca8]
V  [jvm.dll+0x62383a]
V  [jvm.dll+0x617fe5]
V  [jvm.dll+0x307bac]
V  [jvm.dll+0x307a32]
V  [jvm.dll+0x30c746]
V  [jvm.dll+0x352b9f]
V  [jvm.dll+0x3525d0]
V  [jvm.dll+0x2e4ba8]
V  [jvm.dll+0x2e5d06]
V  [jvm.dll+0x78d097]
V  [jvm.dll+0x78e81f]
V  [jvm.dll+0x35f8e9]
V  [jvm.dll+0x770000]
V  [jvm.dll+0x3cd40f]
V  [jvm.dll+0x3cf7a1]
C  [jli.dll+0x5207]
C  [ucrtbase.dll+0x21bb2]
C  [KERNEL32.DLL+0x17344]
C  [ntdll.dll+0x526b1]


---------------  P R O C E S S  ---------------

Threads class SMR info:
_java_thread_list=0x00000144ee984670, length=0, elements={
}

Java Threads: ( => current thread )

Other Threads:
  0x00000144eea5c800 GCTaskThread "GC Thread#0" [stack: 0x0000003116f00000,0x0000003117000000] [id=20752]
  0x00000144f0b76800 ConcurrentGCThread "G1 Main Marker" [stack: 0x0000003117000000,0x0000003117100000] [id=17956]
  0x00000144f0b7b800 ConcurrentGCThread "G1 Conc#0" [stack: 0x0000003117100000,0x0000003117200000] [id=19212]

[error occurred during error reporting (printing all threads), id 0xc0000005, EXCEPTION_ACCESS_VIOLATION (0xc0000005) at pc=0x00007ffed59f4377]

VM state:not at safepoint (not fully initialized)

VM Mutex/Monitor currently owned by a thread:  ([mutex/lock_event])
[0x00000144f0b31400] Heap_lock - owner thread: 0x00000144f0b34000

Heap address: 0x000000008a000000, size: 1888 MB, Compressed Oops mode: Non-zero based: 0x000000008a000000
Narrow klass base: 0x0000000000000000, Narrow klass shift: 0

GC Heap History (0 events):
No events

Deoptimization events (0 events):
No events

Classes redefined (0 events):
No events

Internal exceptions (0 events):
No events

Events (1 events):
Event: 0.011 Loaded shared library C:\Program Files\Microsoft\jdk-11.0.16.101-hotspot\bin\zip.dll


Dynamic libraries:
0x00007ff6eb8d0000 - 0x00007ff6eb8dd000 	C:\Program Files\Microsoft\jdk-11.0.16.101-hotspot\bin\java.exe
0x00007fffdf9d0000 - 0x00007fffdfbc8000 	C:\Windows\SYSTEM32\ntdll.dll
0x00007fffdf2d0000 - 0x00007fffdf38d000 	C:\Windows\System32\KERNEL32.DLL
0x00007fffdd210000 - 0x00007fffdd506000 	C:\Windows\System32\KERNELBASE.dll
0x00007fffdd890000 - 0x00007fffdd990000 	C:\Windows\System32\ucrtbase.dll
0x00007ffface10000 - 0x00007ffface27000 	C:\Program Files\Microsoft\jdk-11.0.16.101-hotspot\bin\jli.dll
0x00007fffa9e10000 - 0x00007fffa9e25000 	C:\Program Files\Microsoft\jdk-11.0.16.101-hotspot\bin\VCRUNTIME140.dll
0x00007fffdf130000 - 0x00007fffdf2ce000 	C:\Windows\System32\USER32.dll
0x00007fffdd860000 - 0x00007fffdd882000 	C:\Windows\System32\win32u.dll
0x00007fffdda30000 - 0x00007fffdda5c000 	C:\Windows\System32\GDI32.dll
0x00007fffc9290000 - 0x00007fffc952a000 	C:\Windows\WinSxS\amd64_microsoft.windows.common-controls_6595b64144ccf1df_6.0.19041.3636_none_60b6a03d71f818d5\COMCTL32.dll
0x00007fffdd740000 - 0x00007fffdd85a000 	C:\Windows\System32\gdi32full.dll
0x00007fffdeee0000 - 0x00007fffdef7e000 	C:\Windows\System32\msvcrt.dll
0x00007fffdd990000 - 0x00007fffdda2d000 	C:\Windows\System32\msvcp_win.dll
0x00007fffddd30000 - 0x00007fffddd60000 	C:\Windows\System32\IMM32.DLL
0x00007fff807e0000 - 0x00007fff8087b000 	C:\Program Files\Microsoft\jdk-11.0.16.101-hotspot\bin\msvcp140.dll
0x00007ffed5700000 - 0x00007ffed628a000 	C:\Program Files\Microsoft\jdk-11.0.16.101-hotspot\bin\server\jvm.dll
0x00007fffdda60000 - 0x00007fffddb0f000 	C:\Windows\System32\ADVAPI32.dll
0x00007fffdee40000 - 0x00007fffdeedc000 	C:\Windows\System32\sechost.dll
0x00007fffdef80000 - 0x00007fffdf0a6000 	C:\Windows\System32\RPCRT4.dll
0x00007fffdeaf0000 - 0x00007fffdeaf8000 	C:\Windows\System32\PSAPI.DLL
0x00007fffb3ba0000 - 0x00007fffb3ba9000 	C:\Windows\SYSTEM32\WSOCK32.dll
0x00007fffd3ad0000 - 0x00007fffd3af7000 	C:\Windows\SYSTEM32\WINMM.dll
0x00007fffd5de0000 - 0x00007fffd5dea000 	C:\Windows\SYSTEM32\VERSION.dll
0x00007fffdecb0000 - 0x00007fffded1b000 	C:\Windows\System32\WS2_32.dll
0x00007fffdaf30000 - 0x00007fffdaf42000 	C:\Windows\SYSTEM32\kernel.appcore.dll
0x00007fffb5590000 - 0x00007fffb55a0000 	C:\Program Files\Microsoft\jdk-11.0.16.101-hotspot\bin\verify.dll
0x00007fffcb6a0000 - 0x00007fffcb884000 	C:\Windows\SYSTEM32\DBGHELP.DLL
0x00007fffc7110000 - 0x00007fffc7144000 	C:\Windows\SYSTEM32\dbgcore.DLL
0x00007fffdd6b0000 - 0x00007fffdd732000 	C:\Windows\System32\bcryptPrimitives.dll
0x00007fff94290000 - 0x00007fff942b8000 	C:\Program Files\Microsoft\jdk-11.0.16.101-hotspot\bin\java.dll
0x00007fffb12b0000 - 0x00007fffb12ba000 	C:\Program Files\Microsoft\jdk-11.0.16.101-hotspot\bin\jimage.dll
0x00007fff923f0000 - 0x00007fff92408000 	C:\Program Files\Microsoft\jdk-11.0.16.101-hotspot\bin\zip.dll

dbghelp: loaded successfully - version: 4.0.5 - missing functions: none
symbol engine: initialized successfully - sym options: 0x614 - pdb path: .;C:\Program Files\Microsoft\jdk-11.0.16.101-hotspot\bin;C:\Windows\SYSTEM32;C:\Windows\WinSxS\amd64_microsoft.windows.common-controls_6595b64144ccf1df_6.0.19041.3636_none_60b6a03d71f818d5;C:\Program Files\Microsoft\jdk-11.0.16.101-hotspot\bin\server

VM Arguments:
java_command: <unknown>
java_class_path (initial): <not set>
Launcher Type: SUN_STANDARD

[Global flags]
     intx CICompilerCount                          = 12                                        {product} {ergonomic}
     uint ConcGCThreads                            = 3                                         {product} {ergonomic}
     uint G1ConcRefinementThreads                  = 13                                        {product} {ergonomic}
   size_t G1HeapRegionSize                         = 1048576                                   {product} {ergonomic}
    uintx GCDrainStackTargetSize                   = 64                                        {product} {ergonomic}
   size_t InitialHeapSize                          = 123731968                                 {product} {ergonomic}
   size_t MarkStackSize                            = 4194304                                   {product} {ergonomic}
   size_t MaxHeapSize                              = 1979711488                                {product} {ergonomic}
   size_t MinHeapDeltaBytes                        = 1048576                                   {product} {ergonomic}
    uintx NonNMethodCodeHeapSize                   = 7594288                                {pd product} {ergonomic}
    uintx NonProfiledCodeHeapSize                  = 122031976                              {pd product} {ergonomic}
    uintx ProfiledCodeHeapSize                     = 122031976                              {pd product} {ergonomic}
    uintx ReservedCodeCacheSize                    = 251658240                              {pd product} {ergonomic}
     bool SegmentedCodeCache                       = true                                      {product} {ergonomic}
     bool UseCompressedClassPointers               = true                                 {lp64_product} {ergonomic}
     bool UseCompressedOops                        = true                                 {lp64_product} {ergonomic}
     bool UseG1GC                                  = true                                      {product} {ergonomic}
     bool UseLargePagesIndividualAllocation        = false                                  {pd product} {ergonomic}

Logging:
Log output configuration:
 #0: stdout all=warning uptime,level,tags
 #1: stderr all=off uptime,level,tags

Environment Variables:
PATH=C:\Program Files\Microsoft\jdk-11.0.16.101-hotspot\bin;C:\Program Files (x86)\Common Files\Oracle\Java\javapath;C:\Windows\system32;C:\Windows;C:\Windows\System32\Wbem;C:\Windows\System32\WindowsPowerShell\v1.0\;C:\Windows\System32\OpenSSH\;C:\Program Files\NVIDIA Corporation\NVIDIA NvDLISR;C:\MinGW\bin;C:\Program Files (x86)\NVIDIA Corporation\PhysX\Common;C:\Program Files\Microsoft SQL Server\Client SDK\ODBC\170\Tools\Binn\;C:\Program Files (x86)\Microsoft SQL Server\150\Tools\Binn\;C:\Program Files\Microsoft SQL Server\150\Tools\Binn\;C:\Program Files\Microsoft SQL Server\150\DTS\Binn\;C:\Program Files\Microsoft SQL Server\130\Tools\Binn\;C:\Program Files\SASHome\x86\Secure\ccme4;C:\Program Files\SASHome\Secure\ccme4;C:\Program Files\dotnet\;C:\Program Files (x86)\Windows Kits\10\Windows Performance Toolkit\;C:\Program Files\Git\cmd;C:\Users\40770\AppData\Local\Programs\Python\Python39\Scripts\;C:\Users\40770\AppData\Local\Programs\Python\Python39\;C:\Users\40770\AppData\Local\Microsoft\WindowsApps;C:\Users\40770\AppData\Local\Programs\Microsoft VS Code\bin;C:\Program Files\heroku\bin;C:\Program Files\JetBrains\IntelliJ IDEA 2022.2.4\bin;C:\Users\40770\.dotnet\tools;C:\Program Files\Git\bin\;C:\Program Files\Git\cmd\
USERNAME=40770
OS=Windows_NT
PROCESSOR_IDENTIFIER=AMD64 Family 23 Model 96 Stepping 1, AuthenticAMD
TMP=C:\Users\40770\AppData\Local\Temp
TEMP=C:\Users\40770\AppData\Local\Temp



---------------  S Y S T E M  ---------------

OS: Windows 10 , 64 bit Build 19041 (10.0.19041.3636)
OS uptime: 0 days 19:33 hours
Hyper-V role detected

CPU:total 16 (initial active 16) (16 cores per cpu, 2 threads per core) family 23 model 96 stepping 1 microcode 0x0, cmov, cx8, fxsr, mmx, sse, sse2, sse3, ssse3, sse4.1, sse4.2, popcnt, avx, avx2, aes, clmul, mmxext, 3dnowpref, lzcnt, sse4a, ht, tsc, tscinvbit, tscinv, bmi1, bmi2, adx, sha, fma

Memory: 4k page, system-wide physical 7549M (360M free)
TotalPageFile size 17605M (AvailPageFile size 89M)
current process WorkingSet (physical memory assigned to process): 10M, peak: 10M
current process commit charge ("private bytes"): 70M, peak: 188M

vm_info: OpenJDK 64-Bit Server VM (11.0.16.1+1-LTS) for windows-amd64 JRE (11.0.16.1+1-LTS), built on Aug 20 2022 20:09:04 by "" with MS VC++ 15.9 (VS2017)

END.
